<?xml version="1.0" encoding="UTF-8"?>
<!-- Generated by org.testng.reporters.JUnitXMLReporter -->
<testsuite ignored="0" hostname="thus-macbook-pro.home" failures="0" tests="5" name="Test" time="88.954" errors="0" timestamp="2022-06-18T19:07:44 CEST">
  <testcase classname="Academy.AppTest" name="shouldAnswerWithTrue" time="0.019"/>
  <testcase classname="Academy.validateNavigationBar" name="basePageNavigation" time="0.175"/>
  <testcase classname="Academy.HomePage" name="basePageNavigation" time="20.002"/>
  <testcase classname="Academy.HomePage" name="basePageNavigation" time="21.726"/>
  <testcase classname="Academy.validateTitle" name="basePageNavigation" time="0.117"/>
</testsuite> <!-- Test -->
