<?xml version="1.0" encoding="UTF-8"?>
<testsuite xmlns:xsi="http://www.w3.org/2001/XMLSchema-instance" xsi:noNamespaceSchemaLocation="https://maven.apache.org/surefire/maven-surefire-plugin/xsd/surefire-test-report-3.0.xsd" version="3.0" name="TestSuite" time="34.141" tests="6" errors="0" skipped="0" failures="0">
  <properties>
[...]
</properties>
  <testcase name="shouldAnswerWithTrue" classname="Academy.AppTest" time="0.004">
    <system-out><![CDATA[chrome
chrome
chrome
]]></system-out>
    <system-err><![CDATA[SLF4J: Failed to load class "org.slf4j.impl.StaticLoggerBinder".
SLF4J: Defaulting to no-operation (NOP) logger implementation
SLF4J: See http://www.slf4j.org/codes.html#StaticLoggerBinder for further details.
]]></system-err>
  </testcase>
  <testcase name="validateAppTitle" classname="Academy.validateTitle" time="0.022">
    <system-out><![CDATA[Test completed
]]></system-out>
    <system-err><![CDATA[SSttaarrttiinngg  SCChhrromeDtrairvteirn g1 0C2h.r0o.m5e0D0r5i.v6e1r  (100e25.90bo.c5c0000m5ce.cD4r9i8v5ecre 3190a62d.301.1c51050 050.665(1f 01e559(9db9c50ca0d03ec-cr4e95f8s95/bcbcerc3a09n0accdch34-19hce81a55cd0es03/69550afd015351@9{dc#1851099}06)55 aofdn13 5-p9roder9f5ts a/d4b3r-a9rn9ecf7h0s-
/hbOernaaldynsc/ h5l-0ho0ec5aa@dl{s #c/8159o0nn}0e)5c @otin{o #pn8os1 r9at} r)6e  4o7an0l 8lpo
oOwrentld .y5
 8lP3lo7ec4a
aOsln elc yos nelenoe chcattli tocpnossn: na/e/rcecth iraolonmlseo wdarerdiev. e
aPrll.lecohawsereod m.si
uePeml .ehoatrstge/p ssse:ec/eu/ rihctthtyrp-oscm:oen/ds/ricihdvererorma.etcdihrorinosvm eifruo.mcr.h orsrouggm/gessietciuornuist myo.-nco orknges/eispdeiecnrugar tiCithoryno-smc eofDnorsrii vdseeurrg agsteaisfoteni.so
 nfso Croh nrs oukmgeegeDeprsiitnvigeo rnC shw raoosnm  eskDteraeirpvtieenrdg   ssCauhfcerc.oe
msesCDfhrurilovlmeyer.D 
rsiavfeer. 
waCsh rsotmaerDtreidv esru cwcaes ssstfaurltleyd. 
successfully.
[1656414713.520][WARNING]: This version of ChromeDriver has not been tested with Chrome version 103.
[16564[141761536.4512447]1[3W.A5R2N6I]N[GW]A:R NTIhNiGs] :v eTrhsiions  ovfe rCshiroonm eoDfr iCvherro mheaDsr invoetr  bheaesn  ntoets tbeede nw ittehs tCehdro mwei tvhe rCshiroonm e1 0v3e.r
sion 103.
Jun 28, 2022 1:11:53 PM org.openqa.selenium.remote.ProtocolHandshake createSession
INFO: Detected upstream dialect: W3C
Jun 28, 2022 1:11:53 PM org.openqa.selenium.remote.ProtocolHandshake createSession
INFO: Detected upstream dialect: W3C
Jun 28, 2022 1:11:53 PM org.openqa.selenium.remote.ProtocolHandshake createSession
INFO: Detected upstream dialect: W3C
Jun 28, 2022 1:11:53 PM org.openqa.selenium.devtools.CdpVersionFinder findNearestMatch
WARNING: Unable to find an exact match for CDP version 103, so returning the closest version found: 102
Jun 28, 2022 1:11:53 PM org.openqa.selenium.devtools.CdpVersionFinder findNearestMatch
WARNING: Unable to find an exact match for CDP version 103, so returning the closest version found: 102
Jun 28, 2022 1:11:53 PM org.openqa.selenium.devtools.CdpVersionFinder findNearestMatch
INFO: Found CDP implementation for version 103 of 102
Jun 28, 2022 1:11:53 PM org.openqa.selenium.devtools.CdpVersionFinder findNearestMatch
INFO: Found CDP implementation for version 103 of 102
Jun 28, 2022 1:11:53 PM org.openqa.selenium.devtools.CdpVersionFinder findNearestMatch
WARNING: Unable to find an exact match for CDP version 103, so returning the closest version found: 102
Jun 28, 2022 1:11:53 PM org.openqa.selenium.devtools.CdpVersionFinder findNearestMatch
INFO: Found CDP implementation for version 103 of 102
]]></system-err>
  </testcase>
  <testcase name="validateHeader" classname="Academy.validateTitle" time="0.015">
    <system-out><![CDATA[Test completed
]]></system-out>
  </testcase>
  <testcase name="validateAppNavBar" classname="Academy.validateNavigationBar" time="0.023"/>
  <testcase name="basePageNavigation[unrestricteduser@em.com, 123456@em, Restricted User](1)" classname="Academy.HomePage" time="1.557"/>
  <testcase name="basePageNavigation[restricteduser@em.com, 9876543, Non Restricted User](2)" classname="Academy.HomePage" time="11.333"/>
</testsuite>