<?xml version="1.0" encoding="UTF-8"?>
<testng-results ignored="0" total="6" passed="6" failed="0" skipped="0">
  <reporter-output>
  </reporter-output>
  <suite started-at="2022-06-28T13:11:51 CEST" name="Suite" finished-at="2022-06-28T13:12:25 CEST" duration-ms="33625">
    <groups>
    </groups>
    <test started-at="2022-06-28T13:11:51 CEST" name="App Testing" finished-at="2022-06-28T13:11:51 CEST" duration-ms="15">
      <class name="Academy.AppTest">
        <test-method signature="shouldAnswerWithTrue()[pri:0, instance:Academy.AppTest@543588e6]" started-at="2022-06-28T13:11:51 CEST" name="shouldAnswerWithTrue" finished-at="2022-06-28T13:11:51 CEST" duration-ms="3" status="PASS">
          <reporter-output>
          </reporter-output>
        </test-method> <!-- shouldAnswerWithTrue -->
      </class> <!-- Academy.AppTest -->
    </test> <!-- App Testing -->
    <test started-at="2022-06-28T13:11:51 CEST" name="Validating Title" finished-at="2022-06-28T13:12:05 CEST" duration-ms="13763">
      <class name="Academy.validateTitle">
        <test-method is-config="true" signature="initialize()[pri:0, instance:Academy.validateTitle@22d6f11]" started-at="2022-06-28T13:11:51 CEST" name="initialize" finished-at="2022-06-28T13:12:05 CEST" duration-ms="13659" status="PASS">
          <reporter-output>
          </reporter-output>
        </test-method> <!-- initialize -->
        <test-method signature="validateAppTitle()[pri:0, instance:Academy.validateTitle@22d6f11]" started-at="2022-06-28T13:12:05 CEST" name="validateAppTitle" finished-at="2022-06-28T13:12:05 CEST" duration-ms="22" status="PASS">
          <reporter-output>
          </reporter-output>
        </test-method> <!-- validateAppTitle -->
        <test-method signature="validateHeader()[pri:0, instance:Academy.validateTitle@22d6f11]" started-at="2022-06-28T13:12:05 CEST" name="validateHeader" finished-at="2022-06-28T13:12:05 CEST" duration-ms="15" status="PASS">
          <reporter-output>
          </reporter-output>
        </test-method> <!-- validateHeader -->
        <test-method is-config="true" signature="teardown()[pri:0, instance:Academy.validateTitle@22d6f11]" started-at="2022-06-28T13:12:05 CEST" name="teardown" finished-at="2022-06-28T13:12:05 CEST" duration-ms="65" status="PASS">
          <reporter-output>
          </reporter-output>
        </test-method> <!-- teardown -->
      </class> <!-- Academy.validateTitle -->
    </test> <!-- Validating Title -->
    <test started-at="2022-06-28T13:11:51 CEST" name="Validating Nav Bar" finished-at="2022-06-28T13:12:12 CEST" duration-ms="20761">
      <class name="Academy.validateNavigationBar">
        <test-method is-config="true" signature="initialize()[pri:0, instance:Academy.validateNavigationBar@4f071df8]" started-at="2022-06-28T13:11:51 CEST" name="initialize" finished-at="2022-06-28T13:12:12 CEST" duration-ms="20668" status="PASS">
          <reporter-output>
          </reporter-output>
        </test-method> <!-- initialize -->
        <test-method signature="validateAppNavBar()[pri:0, instance:Academy.validateNavigationBar@4f071df8]" started-at="2022-06-28T13:12:12 CEST" name="validateAppNavBar" finished-at="2022-06-28T13:12:12 CEST" duration-ms="23" status="PASS">
          <reporter-output>
          </reporter-output>
        </test-method> <!-- validateAppNavBar -->
        <test-method is-config="true" signature="teardown()[pri:0, instance:Academy.validateNavigationBar@4f071df8]" started-at="2022-06-28T13:12:12 CEST" name="teardown" finished-at="2022-06-28T13:12:12 CEST" duration-ms="67" status="PASS">
          <reporter-output>
          </reporter-output>
        </test-method> <!-- teardown -->
      </class> <!-- Academy.validateNavigationBar -->
    </test> <!-- Validating Nav Bar -->
    <test started-at="2022-06-28T13:11:51 CEST" name="Validating Login" finished-at="2022-06-28T13:12:25 CEST" duration-ms="33625">
      <class name="Academy.HomePage">
        <test-method is-config="true" signature="initialize()[pri:0, instance:Academy.HomePage@5ad10c1a]" started-at="2022-06-28T13:11:51 CEST" name="initialize" finished-at="2022-06-28T13:11:53 CEST" duration-ms="2295" status="PASS">
          <reporter-output>
          </reporter-output>
        </test-method> <!-- initialize -->
        <test-method signature="basePageNavigation(java.lang.String,java.lang.String,java.lang.String)[pri:0, instance:Academy.HomePage@5ad10c1a]" started-at="2022-06-28T13:11:53 CEST" name="basePageNavigation" data-provider="getData" finished-at="2022-06-28T13:12:13 CEST" duration-ms="19930" status="PASS">
          <params>
            <param index="0">
              <value>
                <![CDATA[unrestricteduser@em.com]]>
              </value>
            </param>
            <param index="1">
              <value>
                <![CDATA[123456@em]]>
              </value>
            </param>
            <param index="2">
              <value>
                <![CDATA[Restricted User]]>
              </value>
            </param>
          </params>
          <reporter-output>
          </reporter-output>
        </test-method> <!-- basePageNavigation -->
        <test-method signature="basePageNavigation(java.lang.String,java.lang.String,java.lang.String)[pri:0, instance:Academy.HomePage@5ad10c1a]" started-at="2022-06-28T13:12:13 CEST" name="basePageNavigation" data-provider="getData" finished-at="2022-06-28T13:12:25 CEST" duration-ms="11332" status="PASS">
          <params>
            <param index="0">
              <value>
                <![CDATA[restricteduser@em.com]]>
              </value>
            </param>
            <param index="1">
              <value>
                <![CDATA[9876543]]>
              </value>
            </param>
            <param index="2">
              <value>
                <![CDATA[Non Restricted User]]>
              </value>
            </param>
          </params>
          <reporter-output>
          </reporter-output>
        </test-method> <!-- basePageNavigation -->
        <test-method is-config="true" signature="teardown()[pri:0, instance:Academy.HomePage@5ad10c1a]" started-at="2022-06-28T13:12:25 CEST" name="teardown" finished-at="2022-06-28T13:12:25 CEST" duration-ms="65" status="PASS">
          <reporter-output>
          </reporter-output>
        </test-method> <!-- teardown -->
      </class> <!-- Academy.HomePage -->
    </test> <!-- Validating Login -->
  </suite> <!-- Suite -->
</testng-results>
